<?xml version="1.0" encoding="UTF-8"?>
<!-- Generated by org.testng.reporters.JUnitReportReporter -->
<testsuite name="collectionslistandarraylist.Listprint" tests="1" time="106.142" ignored="0" failures="0" timestamp="12 Sep 2020 18:40:20 GMT" skipped="0" hostname="DESKTOP-RO5AP5V" errors="0">
  <testcase name="dropDownListSortedOrNot" time="106.142" classname="collectionslistandarraylist.Listprint"/>
</testsuite> <!-- collectionslistandarraylist.Listprint -->
