<?xml version="1.0" encoding="UTF-8"?>
<!-- Generated by org.testng.reporters.JUnitReportReporter -->
<testsuite name="xpath.XPATHwithidentifiers" tests="1" time="29.677" ignored="0" failures="0" timestamp="09 Sep 2020 09:05:21 GMT" skipped="0" hostname="DESKTOP-RO5AP5V" errors="0">
  <testcase name="samplepage" time="29.677" classname="xpath.XPATHwithidentifiers"/>
</testsuite> <!-- xpath.XPATHwithidentifiers -->
