<?xml version="1.0" encoding="UTF-8"?>
<!-- Generated by org.testng.reporters.JUnitReportReporter -->
<testsuite name="arraymethods.Arraymethods1" tests="2" time="0.038" ignored="0" failures="0" timestamp="16 Sep 2020 14:43:04 GMT" skipped="0" hostname="DESKTOP-RO5AP5V" errors="0">
  <testcase name="ArraysMethod" time="0.023" classname="arraymethods.Arraymethods1"/>
  <testcase name="ArrayUtilsmethods" time="0.015" classname="arraymethods.Arraymethods1"/>
</testsuite> <!-- arraymethods.Arraymethods1 -->
