<?xml version="1.0" encoding="UTF-8"?>
<!-- Generated by org.testng.reporters.JUnitReportReporter -->
<testsuite name="NosuchelementException.Example1" tests="1" time="63.309" ignored="0" failures="0" timestamp="07 Sep 2020 15:32:46 GMT" skipped="0" hostname="DESKTOP-RO5AP5V" errors="0">
  <testcase name="scenario2" time="63.309" classname="NosuchelementException.Example1"/>
</testsuite> <!-- NosuchelementException.Example1 -->
