<?xml version="1.0" encoding="UTF-8"?>
<!-- Generated by org.testng.reporters.JUnitReportReporter -->
<testsuite name="javaprogrames.Numberisarmstrongnumber" tests="1" time="2.522" ignored="0" failures="0" timestamp="13 Sep 2020 14:27:24 GMT" skipped="0" hostname="DESKTOP-RO5AP5V" errors="0">
  <testcase name="armstrong" time="2.522" classname="javaprogrames.Numberisarmstrongnumber"/>
</testsuite> <!-- javaprogrames.Numberisarmstrongnumber -->
