<?xml version="1.0" encoding="UTF-8"?>
<!-- Generated by org.testng.reporters.JUnitReportReporter -->
<testsuite name="javascriptExamples.Javascripttoclickhiddenelement" tests="1" time="46.360" ignored="0" failures="0" timestamp="21 Sep 2020 07:45:45 GMT" skipped="0" hostname="DESKTOP-RO5AP5V" errors="0">
  <testcase name="scenario1" time="46.360" classname="javascriptExamples.Javascripttoclickhiddenelement"/>
</testsuite> <!-- javascriptExamples.Javascripttoclickhiddenelement -->
