<?xml version="1.0" encoding="UTF-8"?>
<!-- Generated by org.testng.reporters.JUnitReportReporter -->
<testsuite name="staleelementException.Example2" tests="1" time="31.062" ignored="0" failures="0" timestamp="07 Sep 2020 12:07:03 GMT" skipped="0" hostname="DESKTOP-RO5AP5V" errors="0">
  <testcase name="scenario2" time="31.062" classname="staleelementException.Example2"/>
</testsuite> <!-- staleelementException.Example2 -->
