<?xml version="1.0" encoding="UTF-8"?>
<!-- Generated by org.testng.reporters.JUnitReportReporter -->
<testsuite name="javaprogrames.Stringswappingwithouttempstring" tests="1" time="0.032" ignored="0" failures="0" timestamp="13 Sep 2020 12:13:09 GMT" skipped="0" hostname="DESKTOP-RO5AP5V" errors="0">
  <testcase name="Swapstring" time="0.032" classname="javaprogrames.Stringswappingwithouttempstring"/>
</testsuite> <!-- javaprogrames.Stringswappingwithouttempstring -->
