<?xml version="1.0" encoding="UTF-8"?>
<!-- Generated by org.testng.reporters.JUnitReportReporter -->
<testsuite name="testNG.GroupingTestNg1" tests="1" time="0.016" ignored="4" failures="0" timestamp="14 Sep 2020 13:54:24 GMT" skipped="0" hostname="DESKTOP-RO5AP5V" errors="0">
  <testcase name="test5" time="0.016" classname="testNG.GroupingTestNg1"/>
  <testcase name="test1" classname="testNG.GroupingTestNg1">
    <skipped/>
  </testcase> <!-- test1 -->
  <testcase name="test2" classname="testNG.GroupingTestNg1">
    <skipped/>
  </testcase> <!-- test2 -->
  <testcase name="test3" classname="testNG.GroupingTestNg1">
    <skipped/>
  </testcase> <!-- test3 -->
  <testcase name="test4" classname="testNG.GroupingTestNg1">
    <skipped/>
  </testcase> <!-- test4 -->
</testsuite> <!-- testNG.GroupingTestNg1 -->
