<?xml version="1.0" encoding="UTF-8"?>
<!-- Generated by org.testng.reporters.JUnitReportReporter -->
<testsuite name="staleelementException.example1" tests="1" time="137.857" ignored="0" failures="0" timestamp="07 Sep 2020 09:49:57 GMT" skipped="0" hostname="DESKTOP-RO5AP5V" errors="0">
  <testcase name="method1" time="137.857" classname="staleelementException.example1"/>
</testsuite> <!-- staleelementException.example1 -->
