<?xml version="1.0" encoding="UTF-8"?>
<!-- Generated by org.testng.reporters.JUnitReportReporter -->
<testsuite name="testNG.test2" tests="2" time="0.022" ignored="0" failures="0" timestamp="29 Sep 2020 17:18:52 GMT" skipped="0" hostname="DESKTOP-RO5AP5V" errors="0">
  <testcase name="multiple" time="0.020" classname="testNG.test2"/>
  <testcase name="output" time="0.002" classname="testNG.test2"/>
</testsuite> <!-- testNG.test2 -->
