<?xml version="1.0" encoding="UTF-8"?>
<!-- Generated by org.testng.reporters.JUnitReportReporter -->
<testsuite name="arrayprograms.Arraykthlargestnumberorsortestnumber" tests="2" time="0.023" ignored="0" failures="0" timestamp="14 Sep 2020 20:03:53 GMT" skipped="0" hostname="DESKTOP-RO5AP5V" errors="0">
  <testcase name="kthlarge" time="0.019" classname="arrayprograms.Arraykthlargestnumberorsortestnumber"/>
  <testcase name="kthsmall" time="0.004" classname="arrayprograms.Arraykthlargestnumberorsortestnumber"/>
</testsuite> <!-- arrayprograms.Arraykthlargestnumberorsortestnumber -->
