<?xml version="1.0" encoding="UTF-8"?>
<!-- Generated by org.testng.reporters.JUnitReportReporter -->
<testsuite name="collectionslistandarraylist.drodownsortwithoutwebelements" tests="1" time="21.219" ignored="0" failures="0" timestamp="12 Sep 2020 07:38:02 GMT" skipped="0" hostname="DESKTOP-RO5AP5V" errors="0">
  <testcase name="dropDownListSortedOrNot" time="21.219" classname="collectionslistandarraylist.drodownsortwithoutwebelements"/>
</testsuite> <!-- collectionslistandarraylist.drodownsortwithoutwebelements -->
