<?xml version="1.0" encoding="UTF-8"?>
<!-- Generated by org.testng.reporters.JUnitReportReporter -->
<testsuite name="testNG.accessprivatemethod" tests="1" time="0.018" ignored="0" failures="0" timestamp="29 Sep 2020 17:25:57 GMT" skipped="0" hostname="DESKTOP-RO5AP5V" errors="0">
  <testcase name="display" time="0.018" classname="testNG.accessprivatemethod"/>
</testsuite> <!-- testNG.accessprivatemethod -->
