<?xml version="1.0" encoding="UTF-8"?>
<!-- Generated by org.testng.reporters.JUnitReportReporter -->
<testsuite name="testNG.SoftAssert" tests="1" time="14.175" ignored="0" failures="0" timestamp="11 Sep 2020 13:39:43 GMT" skipped="0" hostname="DESKTOP-RO5AP5V" errors="0">
  <testcase name="softAssert" time="14.175" classname="testNG.SoftAssert"/>
</testsuite> <!-- testNG.SoftAssert -->
