<?xml version="1.0" encoding="UTF-8"?>
<!-- Generated by org.testng.reporters.JUnitReportReporter -->
<testsuite name="testNG.CustomizeTestNGemailreport" tests="1" time="8.684" ignored="0" failures="0" timestamp="13 Sep 2020 08:41:43 GMT" skipped="0" hostname="DESKTOP-RO5AP5V" errors="0">
  <testcase name="custTngemailreport" time="8.684" classname="testNG.CustomizeTestNGemailreport"/>
</testsuite> <!-- testNG.CustomizeTestNGemailreport -->
