<?xml version="1.0" encoding="UTF-8"?>
<!-- Generated by org.testng.reporters.JUnitReportReporter -->
<testsuite name="stringPrograms.Stringdatesorting" tests="1" time="0.021" ignored="0" failures="0" timestamp="02 Oct 2020 14:01:38 GMT" skipped="0" hostname="DESKTOP-RO5AP5V" errors="0">
  <testcase name="datesort" time="0.021" classname="stringPrograms.Stringdatesorting"/>
</testsuite> <!-- stringPrograms.Stringdatesorting -->
