<?xml version="1.0" encoding="UTF-8"?>
<!-- Generated by org.testng.reporters.JUnitReportReporter -->
<testsuite name="basicsanity.readexceldata" tests="1" time="1.314" ignored="0" failures="0" timestamp="25 Aug 2020 02:49:21 GMT" skipped="0" hostname="DESKTOP-RO5AP5V" errors="0">
  <testcase name="readexcel" time="1.314" classname="basicsanity.readexceldata"/>
</testsuite> <!-- basicsanity.readexceldata -->
