<?xml version="1.0" encoding="UTF-8"?>
<!-- Generated by org.testng.reporters.JUnitReportReporter -->
<testsuite name="javaprogrames.Stringreplacejunkandspecialchars" tests="3" time="0.031" ignored="0" failures="0" timestamp="12 Sep 2020 14:58:29 GMT" skipped="0" hostname="DESKTOP-RO5AP5V" errors="0">
  <testcase name="removespace" time="0.007" classname="javaprogrames.Stringreplacejunkandspecialchars"/>
  <testcase name="replace1" time="0.018" classname="javaprogrames.Stringreplacejunkandspecialchars"/>
  <testcase name="replace2" time="0.006" classname="javaprogrames.Stringreplacejunkandspecialchars"/>
</testsuite> <!-- javaprogrames.Stringreplacejunkandspecialchars -->
