<?xml version="1.0" encoding="UTF-8"?>
<!-- Generated by org.testng.reporters.JUnitReportReporter -->
<testsuite name="javascriptExamples.Clickonhiddenimage" tests="1" time="60.559" ignored="0" failures="0" timestamp="04 Oct 2020 20:04:47 GMT" skipped="0" hostname="DESKTOP-RO5AP5V" errors="0">
  <testcase name="hiddenimg" time="60.559" classname="javascriptExamples.Clickonhiddenimage"/>
</testsuite> <!-- javascriptExamples.Clickonhiddenimage -->
