<?xml version="1.0" encoding="UTF-8"?>
<!-- Generated by org.testng.reporters.JUnitReportReporter -->
<testsuite name="basicsanity.test_images" tests="1" time="19.401" ignored="0" failures="0" timestamp="30 Sep 2020 03:12:09 GMT" skipped="0" hostname="DESKTOP-RO5AP5V" errors="0">
  <testcase name="images" time="19.401" classname="basicsanity.test_images"/>
</testsuite> <!-- basicsanity.test_images -->
