<?xml version="1.0" encoding="UTF-8"?>
<!-- Generated by org.testng.reporters.JUnitReportReporter -->
<testsuite name="elementnotclickableexception.Example1" tests="1" time="80.571" ignored="0" failures="0" timestamp="21 Sep 2020 07:36:30 GMT" skipped="0" hostname="DESKTOP-RO5AP5V" errors="0">
  <testcase name="scenario1" time="80.571" classname="elementnotclickableexception.Example1"/>
</testsuite> <!-- elementnotclickableexception.Example1 -->
