<?xml version="1.0" encoding="UTF-8"?>
<!-- Generated by org.testng.reporters.JUnitReportReporter -->
<testsuite name="basicsanity.Basicsanity" tests="3" time="80.963" ignored="0" failures="0" timestamp="10 Aug 2020 08:36:24 GMT" skipped="0" hostname="DESKTOP-RO5AP5V" errors="0">
  <testcase name="launchapplication" time="15.874" classname="basicsanity.Basicsanity"/>
  <testcase name="launchapplication" time="18.660" classname="basicsanity.Basicsanity"/>
  <testcase name="launchapplication" time="46.429" classname="basicsanity.Basicsanity"/>
</testsuite> <!-- basicsanity.Basicsanity -->
