<?xml version="1.0" encoding="UTF-8"?>
<!-- Generated by org.testng.reporters.JUnitReportReporter -->
<testsuite name="arraybubblesort.CallingArraymethodfunction" tests="1" time="0.134" ignored="0" failures="0" timestamp="30 Sep 2020 07:01:48 GMT" skipped="0" hostname="DESKTOP-RO5AP5V" errors="0">
  <testcase name="bubblesort" time="0.134" classname="arraybubblesort.CallingArraymethodfunction"/>
</testsuite> <!-- arraybubblesort.CallingArraymethodfunction -->
