<?xml version="1.0" encoding="UTF-8"?>
<!-- Generated by org.testng.reporters.JUnitReportReporter -->
<testsuite name="collectionssetandhashset.Handlemultiplewindows" tests="1" time="33.681" ignored="0" failures="0" timestamp="30 Sep 2020 03:16:44 GMT" skipped="0" hostname="DESKTOP-RO5AP5V" errors="0">
  <testcase name="multipleiwndows" time="33.681" classname="collectionssetandhashset.Handlemultiplewindows"/>
</testsuite> <!-- collectionssetandhashset.Handlemultiplewindows -->
