<?xml version="1.0" encoding="UTF-8"?>
<!-- Generated by org.testng.reporters.JUnitReportReporter -->
<testsuite name="arrayprograms.Arrayinsertelement" tests="2" time="0.021" ignored="0" failures="0" timestamp="14 Sep 2020 19:08:42 GMT" skipped="0" hostname="DESKTOP-RO5AP5V" errors="0">
  <testcase name="eleposition" time="0.018" classname="arrayprograms.Arrayinsertelement"/>
  <testcase name="eleindex" time="0.003" classname="arrayprograms.Arrayinsertelement"/>
</testsuite> <!-- arrayprograms.Arrayinsertelement -->
