<?xml version="1.0" encoding="UTF-8"?>
<!-- Generated by org.testng.reporters.JUnitReportReporter -->
<testsuite name="xpath.Jiomartorderdate" tests="1" time="47.730" ignored="0" failures="0" timestamp="08 Oct 2020 05:54:02 GMT" skipped="0" hostname="DESKTOP-RO5AP5V" errors="0">
  <testcase name="orderdatevalidation" time="47.730" classname="xpath.Jiomartorderdate"/>
</testsuite> <!-- xpath.Jiomartorderdate -->
