<?xml version="1.0" encoding="UTF-8"?>
<!-- Generated by org.testng.reporters.JUnitReportReporter -->
<testsuite name="stringMethods.Stringmethods" tests="1" time="0.024" ignored="0" failures="0" timestamp="12 Sep 2020 19:20:56 GMT" skipped="0" hostname="DESKTOP-RO5AP5V" errors="0">
  <testcase name="stringexamples" time="0.024" classname="stringMethods.Stringmethods"/>
</testsuite> <!-- stringMethods.Stringmethods -->
