<?xml version="1.0" encoding="UTF-8"?>
<!-- Generated by org.testng.reporters.JUnitReportReporter -->
<testsuite name="stringPrograms.Stringfindnumberofsquares" tests="1" time="0.025" ignored="0" failures="0" timestamp="13 Oct 2020 19:31:25 GMT" skipped="0" hostname="DESKTOP-RO5AP5V" errors="0">
  <testcase name="method2" time="0.025" classname="stringPrograms.Stringfindnumberofsquares"/>
</testsuite> <!-- stringPrograms.Stringfindnumberofsquares -->
