<?xml version="1.0" encoding="UTF-8"?>
<!-- Generated by org.testng.reporters.JUnitReportReporter -->
<testsuite name="basicsanity.Loginivalidtest" tests="1" time="23.769" ignored="0" failures="0" timestamp="27 Sep 2020 19:37:30 GMT" skipped="0" hostname="DESKTOP-RO5AP5V" errors="0">
  <testcase name="logininvalid" time="23.769" classname="basicsanity.Loginivalidtest"/>
</testsuite> <!-- basicsanity.Loginivalidtest -->
