<?xml version="1.0" encoding="UTF-8"?>
<!-- Generated by org.testng.reporters.JUnitReportReporter -->
<testsuite name="xpath.Xpathaccessmethods" tests="1" time="90.225" ignored="0" failures="0" timestamp="03 Oct 2020 07:09:51 GMT" skipped="0" hostname="DESKTOP-RO5AP5V" errors="0">
  <testcase name="accessmethods" time="90.225" classname="xpath.Xpathaccessmethods"/>
</testsuite> <!-- xpath.Xpathaccessmethods -->
