<?xml version="1.0" encoding="UTF-8"?>
<!-- Generated by org.testng.reporters.JUnitReportReporter -->
<testsuite name="xpath.Usingbasicattributeswihtoutxpath" tests="1" time="18.891" ignored="0" failures="0" timestamp="09 Sep 2020 17:53:19 GMT" skipped="0" hostname="DESKTOP-RO5AP5V" errors="0">
  <testcase name="samplepage" time="18.891" classname="xpath.Usingbasicattributeswihtoutxpath"/>
</testsuite> <!-- xpath.Usingbasicattributeswihtoutxpath -->
