<?xml version="1.0" encoding="UTF-8"?>
<!-- Generated by org.testng.reporters.JUnitReportReporter -->
<testsuite name="numberprograms.Numberyearisaleapyearornot" tests="1" time="2.688" ignored="0" failures="0" timestamp="16 Sep 2020 17:21:57 GMT" skipped="0" hostname="DESKTOP-RO5AP5V" errors="0">
  <testcase name="leapyear" time="2.688" classname="numberprograms.Numberyearisaleapyearornot"/>
</testsuite> <!-- numberprograms.Numberyearisaleapyearornot -->
