<?xml version="1.0" encoding="UTF-8"?>
<!-- Generated by org.testng.reporters.JUnitReportReporter -->
<testsuite name="basicsanity.Facebooklogoutusinglist" tests="1" time="28.045" ignored="0" failures="0" timestamp="06 Sep 2020 07:42:48 GMT" skipped="0" hostname="DESKTOP-RO5AP5V" errors="0">
  <testcase name="fblogoutlist" time="28.045" classname="basicsanity.Facebooklogoutusinglist"/>
</testsuite> <!-- basicsanity.Facebooklogoutusinglist -->
