<?xml version="1.0" encoding="UTF-8"?>
<!-- Generated by org.testng.reporters.JUnitReportReporter -->
<testsuite name="numberprograms.Numberfactorialnumber" tests="1" time="0.006" ignored="0" failures="0" timestamp="16 Sep 2020 16:49:12 GMT" skipped="0" hostname="DESKTOP-RO5AP5V" errors="0">
  <testcase name="method2" time="0.006" classname="numberprograms.Numberfactorialnumber"/>
</testsuite> <!-- numberprograms.Numberfactorialnumber -->
