<?xml version="1.0" encoding="UTF-8"?>
<!-- Generated by org.testng.reporters.JUnitReportReporter -->
<testsuite name="basicsanity.Basicsanity" tests="3" time="208.852" ignored="0" failures="0" timestamp="10 Aug 2020 09:37:49 GMT" skipped="0" hostname="DESKTOP-RO5AP5V" errors="0">
  <testcase name="launchapplication" time="39.485" classname="basicsanity.Basicsanity"/>
  <testcase name="launchapplication" time="83.703" classname="basicsanity.Basicsanity"/>
  <testcase name="launchapplication" time="85.664" classname="basicsanity.Basicsanity"/>
</testsuite> <!-- basicsanity.Basicsanity -->
